current directory: /Users/ko1014/oss-projects/badsns/files/sns/.bundle/ruby/2.4.0/gems/unicorn-5.3.1/ext/unicorn_http
/Users/ko1014/.anyenv/envs/rbenv/versions/2.4.0/bin/ruby -r ./siteconf20180501-63851-1o8fqab.rb extconf.rb
checking for SIZEOF_OFF_T in ruby.h... yes
checking for SIZEOF_SIZE_T in ruby.h... yes
checking for SIZEOF_LONG in ruby.h... yes
checking for rb_str_set_len() in ruby.h... yes
checking for rb_hash_clear() in ruby.h... yes
checking for gmtime_r() in time.h... yes
creating Makefile

To see why this extension failed to compile, please check the mkmf.log which can be found here:

  /Users/ko1014/oss-projects/badsns/files/sns/.bundle/ruby/2.4.0/extensions/x86_64-darwin-17/2.4.0-static/unicorn-5.3.1/mkmf.log

current directory: /Users/ko1014/oss-projects/badsns/files/sns/.bundle/ruby/2.4.0/gems/unicorn-5.3.1/ext/unicorn_http
make "DESTDIR=" clean

current directory: /Users/ko1014/oss-projects/badsns/files/sns/.bundle/ruby/2.4.0/gems/unicorn-5.3.1/ext/unicorn_http
make "DESTDIR="
compiling httpdate.c
compiling unicorn_http.c
linking shared-object unicorn_http.bundle

current directory: /Users/ko1014/oss-projects/badsns/files/sns/.bundle/ruby/2.4.0/gems/unicorn-5.3.1/ext/unicorn_http
make "DESTDIR=" install
/usr/bin/install -c -m 0755 unicorn_http.bundle ./.gem.20180501-63851-1vpuelu
